<?xml version="1.0" encoding="UTF-8"?>
<coverage generated="1667027394874" clover="3.2.0">
  <project timestamp="1667027394874" name="All files">
    <metrics statements="15" coveredstatements="15" conditionals="4" coveredconditionals="2" methods="3" coveredmethods="3" elements="22" coveredelements="20" complexity="0" loc="15" ncloc="15" packages="1" files="3" classes="3"/>
    <file name="commentCounter.js" path="C:\Users\BOBBY-J\Kanban-board\src\modules\commentCounter.js">
      <metrics statements="6" coveredstatements="6" conditionals="2" coveredconditionals="1" methods="1" coveredmethods="1"/>
      <line num="1" count="1" type="stmt"/>
      <line num="2" count="1" type="cond" truecount="1" falsecount="1"/>
      <line num="3" count="1" type="stmt"/>
      <line num="4" count="1" type="stmt"/>
      <line num="5" count="1" type="stmt"/>
      <line num="6" count="1" type="stmt"/>
    </file>
    <file name="itemCounter.js" path="C:\Users\BOBBY-J\Kanban-board\src\modules\itemCounter.js">
      <metrics statements="3" coveredstatements="3" conditionals="0" coveredconditionals="0" methods="1" coveredmethods="1"/>
      <line num="1" count="1" type="stmt"/>
      <line num="2" count="2" type="stmt"/>
      <line num="3" count="2" type="stmt"/>
    </file>
    <file name="reserveCounter.js" path="C:\Users\BOBBY-J\Kanban-board\src\modules\reserveCounter.js">
      <metrics statements="6" coveredstatements="6" conditionals="2" coveredconditionals="1" methods="1" coveredmethods="1"/>
      <line num="1" count="1" type="stmt"/>
      <line num="2" count="1" type="cond" truecount="1" falsecount="1"/>
      <line num="3" count="1" type="stmt"/>
      <line num="4" count="1" type="stmt"/>
      <line num="5" count="1" type="stmt"/>
      <line num="6" count="1" type="stmt"/>
    </file>
  </project>
</coverage>
