{"C:\\Users\\BOBBY-J\\Kanban-board\\src\\modules\\commentCounter.js": {"path":"C:\\Users\\BOBBY-J\\Kanban-board\\src\\modules\\commentCounter.js","statementMap":{"0":{"start":{"line":1,"column":14},"end":{"line":7,"column":1}},"1":{"start":{"line":2,"column":13},"end":{"line":2,"column":42}},"2":{"start":{"line":3,"column":16},"end":{"line":3,"column":46}},"3":{"start":{"line":4,"column":2},"end":{"line":4,"column":36}},"4":{"start":{"line":5,"column":2},"end":{"line":5,"column":39}},"5":{"start":{"line":6,"column":2},"end":{"line":6,"column":25}}},"fnMap":{"0":{"name":"(anonymous_0)","decl":{"start":{"line":1,"column":14},"end":{"line":1,"column":15}},"loc":{"start":{"line":1,"column":29},"end":{"line":7,"column":1}},"line":1}},"branchMap":{"0":{"loc":{"start":{"line":2,"column":13},"end":{"line":2,"column":42}},"type":"cond-expr","locations":[{"start":{"line":2,"column":27},"end":{"line":2,"column":38}},{"start":{"line":2,"column":41},"end":{"line":2,"column":42}}],"line":2}},"s":{"0":1,"1":1,"2":1,"3":1,"4":1,"5":1},"f":{"0":1},"b":{"0":[1,0]},"_coverageSchema":"1a1c01bbd47fc00a2c39e90264f33305004495a9","hash":"2b1aa159015eb9367e82073f55f31029c9e0687c"}
,"C:\\Users\\BOBBY-J\\Kanban-board\\src\\modules\\itemCounter.js": {"path":"C:\\Users\\BOBBY-J\\Kanban-board\\src\\modules\\itemCounter.js","statementMap":{"0":{"start":{"line":1,"column":20},"end":{"line":4,"column":1}},"1":{"start":{"line":2,"column":16},"end":{"line":2,"column":27}},"2":{"start":{"line":3,"column":2},"end":{"line":3,"column":15}}},"fnMap":{"0":{"name":"(anonymous_0)","decl":{"start":{"line":1,"column":20},"end":{"line":1,"column":21}},"loc":{"start":{"line":1,"column":30},"end":{"line":4,"column":1}},"line":1}},"branchMap":{},"s":{"0":1,"1":2,"2":2},"f":{"0":2},"b":{},"_coverageSchema":"1a1c01bbd47fc00a2c39e90264f33305004495a9","hash":"91adbb8d31da555ee44ab7b6f22f0518bbb3c3cc"}
,"C:\\Users\\BOBBY-J\\Kanban-board\\src\\modules\\reserveCounter.js": {"path":"C:\\Users\\BOBBY-J\\Kanban-board\\src\\modules\\reserveCounter.js","statementMap":{"0":{"start":{"line":1,"column":21},"end":{"line":7,"column":1}},"1":{"start":{"line":2,"column":15},"end":{"line":2,"column":46}},"2":{"start":{"line":3,"column":18},"end":{"line":3,"column":48}},"3":{"start":{"line":4,"column":4},"end":{"line":4,"column":38}},"4":{"start":{"line":5,"column":4},"end":{"line":5,"column":45}},"5":{"start":{"line":6,"column":4},"end":{"line":6,"column":27}}},"fnMap":{"0":{"name":"(anonymous_0)","decl":{"start":{"line":1,"column":21},"end":{"line":1,"column":22}},"loc":{"start":{"line":1,"column":37},"end":{"line":7,"column":1}},"line":1}},"branchMap":{"0":{"loc":{"start":{"line":2,"column":15},"end":{"line":2,"column":46}},"type":"cond-expr","locations":[{"start":{"line":2,"column":30},"end":{"line":2,"column":42}},{"start":{"line":2,"column":45},"end":{"line":2,"column":46}}],"line":2}},"s":{"0":1,"1":1,"2":1,"3":1,"4":1,"5":1},"f":{"0":1},"b":{"0":[1,0]},"_coverageSchema":"1a1c01bbd47fc00a2c39e90264f33305004495a9","hash":"44640375cfd6527cee31fd870adc7bed2acdf13d"}
}
