{"C:\\Users\\BOBBY-J\\Desktop\\Kanban-board\\src\\modules\\itemCounter.js": {"path":"C:\\Users\\BOBBY-J\\Desktop\\Kanban-board\\src\\modules\\itemCounter.js","statementMap":{"0":{"start":{"line":1,"column":26},"end":{"line":4,"column":1}},"1":{"start":{"line":2,"column":16},"end":{"line":2,"column":31}},"2":{"start":{"line":3,"column":2},"end":{"line":3,"column":15}}},"fnMap":{"0":{"name":"(anonymous_0)","decl":{"start":{"line":1,"column":26},"end":{"line":1,"column":27}},"loc":{"start":{"line":1,"column":40},"end":{"line":4,"column":1}},"line":1}},"branchMap":{},"s":{"0":1,"1":2,"2":2},"f":{"0":2},"b":{},"_coverageSchema":"1a1c01bbd47fc00a2c39e90264f33305004495a9","hash":"b9c797f94da840352fb2e4a9270dd5ecc5471109"}
}
